Case #1: bjnnuknqsfsrdgmgxflnkfrcuhjhpahilrvncvkvssdsouydwjmeagyob
Case #2: dralemrspoeuswutihizqhtmpjsoieqpbdayaiflsujccnmumj
Case #3: bejfhmzczeghqktnqliaolpoazvpsdflrqxwdrvkorigcmutgcsjwfaua
Case #4: dyroiymybeaxeyubxzdr
Case #5: blpblpndtclpndtcrwwwbwwwrwww
Case #6: bwjibwjibwjijp
Case #7: duzklvrawqrc
Case #8: fbjbkcbtqmyrzwdyhvpojiirespzdfuxfhrqtdkoukbomypkffomylzbwqkbuu
Case #9: dcyihopjijliuiuy
Case #10: eokrqeokrqeokrqkrqusauweowzltgkrqzltg
Case #11: axcyaxcyminpaxminpszitaxminpzitaxzit
Case #12: dlhcncdvqgfhezrcvscgzwwjsdwkctejevnajabkqvswqxz
Case #13: brorejctwwdaekggrmehclfuophnejwvynrdkylwyszt
Case #14: gtkclmqgcagtqgcagtqgcagtqgcaqgcariwehfriwehf
Case #15: cfsjoicfsjoinzndjoijoinzndjoijoinzndjoinzndssrexul
Case #16: bgorlllxorbkkupvnqreogzpbegsripeqmnyohtkczlqafvkzzfgtobzxfqmteh
Case #17: ehhsmhehhsmhihsmhixgehxgixgxnfc
Case #18: crmiccrmcrmiccrmcrmiccrmicmwpodocrmodosil
Case #19: afpjkzrdcglvqsidbporthqcrqtrrmfprtrarmefmfxcykyyxlruwr
Case #20: bbioeebjaksdzsjzmvvyxzkmqqarhubnqtaadxgvwdbfqznzgdvxolmt
